<?xml version="1.0" encoding="UTF-8"?>
<testsuite xmlns:xsi="http://www.w3.org/2001/XMLSchema-instance" xsi:noNamespaceSchemaLocation="https://maven.apache.org/surefire/maven-surefire-plugin/xsd/surefire-test-report.xsd" name="tests.com.mcmaster.utility.net.TestCases" time="2.533" tests="3" errors="0" skipped="0" failures="0">
  <properties>
[...]
</properties>
  <testcase name="testThumbrpintRetrievalWithProxyl" classname="tests.com.mcmaster.utility.net.TestCases" time="1.777"/>
  <testcase name="testThumbrpintRetrieval" classname="tests.com.mcmaster.utility.net.TestCases" time="0.526"/>
  <testcase name="testErrorHandling" classname="tests.com.mcmaster.utility.net.TestCases" time="0.225"/>
</testsuite>